<?xml version="1.0" encoding="UTF-8"?>
<testng-results ignored="0" total="4" passed="4" failed="0" skipped="0">
  <reporter-output>
  </reporter-output>
  <suite started-at="2025-04-13T00:24:12 IST" name="Default suite" finished-at="2025-04-13T00:24:20 IST" duration-ms="7649">
    <groups>
    </groups>
    <test started-at="2025-04-13T00:24:12 IST" name="Default test" finished-at="2025-04-13T00:24:20 IST" duration-ms="7649">
      <class name="com.api.testcases.UserTest">
        <test-method is-config="true" signature="generateTestData()[pri:0, instance:com.api.testcases.UserTest@4218d6a3]" started-at="2025-04-13T00:24:12 IST" name="generateTestData" finished-at="2025-04-13T00:24:12 IST" duration-ms="294" status="PASS">
          <reporter-output>
          </reporter-output>
        </test-method> <!-- generateTestData -->
        <test-method signature="testCreateUser()[pri:1, instance:com.api.testcases.UserTest@4218d6a3]" started-at="2025-04-13T00:24:12 IST" name="testCreateUser" finished-at="2025-04-13T00:24:16 IST" duration-ms="3675" status="PASS">
          <reporter-output>
          </reporter-output>
        </test-method> <!-- testCreateUser -->
        <test-method signature="testGetUser()[pri:2, instance:com.api.testcases.UserTest@4218d6a3]" started-at="2025-04-13T00:24:16 IST" name="testGetUser" finished-at="2025-04-13T00:24:17 IST" duration-ms="1195" status="PASS">
          <reporter-output>
          </reporter-output>
        </test-method> <!-- testGetUser -->
        <test-method signature="testUpdateUser()[pri:3, instance:com.api.testcases.UserTest@4218d6a3]" started-at="2025-04-13T00:24:17 IST" name="testUpdateUser" finished-at="2025-04-13T00:24:18 IST" duration-ms="1212" status="PASS">
          <reporter-output>
          </reporter-output>
        </test-method> <!-- testUpdateUser -->
        <test-method signature="testDeleteUser()[pri:4, instance:com.api.testcases.UserTest@4218d6a3]" started-at="2025-04-13T00:24:18 IST" name="testDeleteUser" finished-at="2025-04-13T00:24:20 IST" duration-ms="1177" status="PASS">
          <reporter-output>
          </reporter-output>
        </test-method> <!-- testDeleteUser -->
      </class> <!-- com.api.testcases.UserTest -->
    </test> <!-- Default test -->
  </suite> <!-- Default suite -->
</testng-results>
